<?xml version="1.0" encoding="UTF-8"?>
<!-- Generated by org.testng.reporters.JUnitReportReporter -->
<testsuite skipped="0" hostname="DESKTOP-L4Q2P81" name="Academy.HomePage" tests="2" failures="0" timestamp="2020-01-02T10:45:27 GMT" time="15.071" errors="0">
  <testcase name="basePageNavigation" time="9.183" classname="Academy.HomePage"/>
  <testcase name="basePageNavigation" time="5.888" classname="Academy.HomePage"/>
</testsuite> <!-- Academy.HomePage -->
