<?xml version="1.0" encoding="UTF-8"?>
<!-- Generated by org.testng.reporters.JUnitReportReporter -->
<testsuite skipped="0" hostname="DESKTOP-L4Q2P81" name="Academy.validateNavigationBar" tests="1" failures="0" timestamp="2020-01-02T10:02:51 GMT" time="0.070" errors="0">
  <testcase name="validateAppNavBar" time="0.070" classname="Academy.validateNavigationBar"/>
</testsuite> <!-- Academy.validateNavigationBar -->
