<?xml version="1.0" encoding="UTF-8"?>
<!-- Generated by org.testng.reporters.JUnitReportReporter -->
<testsuite hostname="DESKTOP-L4Q2P81" name="Academy.validateNavigationBar" tests="1" failures="0" timestamp="1 Jan 2020 21:23:50 GMT" time="0.202" errors="0">
  <testcase name="validateAppNavBar" time="0.202" classname="Academy.validateNavigationBar"/>
</testsuite> <!-- Academy.validateNavigationBar -->
