<?xml version="1.0" encoding="UTF-8"?>
<!-- Generated by org.testng.reporters.JUnitReportReporter -->
<testsuite hostname="DESKTOP-L4Q2P81" name="Academy.HomePage" tests="2" failures="0" timestamp="1 Jan 2020 21:23:50 GMT" time="24.918" errors="0">
  <testcase name="basePageNavigation" time="18.045" classname="Academy.HomePage"/>
  <testcase name="basePageNavigation" time="6.873" classname="Academy.HomePage"/>
</testsuite> <!-- Academy.HomePage -->
